<?xml version="1.0" encoding="UTF-8"?>
<!-- Generated by org.testng.reporters.JUnitReportReporter -->
<testsuite hostname="kali" failures="0" tests="1" name="FirstTest" time="19.320" errors="0" timestamp="26 Apr 2019 13:02:08 GMT" skipped="0">
  <testcase classname="FirstTest" name="firstTest" time="19.320"/>
</testsuite> <!-- FirstTest -->
